<?xml version='1.0' encoding='UTF-8'?>
<testsuite hostname="JN26-M0026" name="com.bffgin.backendpekko.TaskServiceSpec" tests="21" errors="0" failures="0" skipped="0" time="0.056" timestamp="2026-09-12T16:25:52">
          <properties>
[...]
</properties>
          <testcase classname="com.bffgin.backendpekko.TaskServiceSpec" name="TaskService.validate should nameが空なら Validation を返す" time="0.013">
                      
                    </testcase><testcase classname="com.bffgin.backendpekko.TaskServiceSpec" name="TaskService.validate should nameが21文字以上なら Validation を返す" time="0.002">
                      
                    </testcase><testcase classname="com.bffgin.backendpekko.TaskServiceSpec" name="TaskService.validate should nameがちょうど20文字なら成功する" time="0.003">
                      
                    </testcase><testcase classname="com.bffgin.backendpekko.TaskServiceSpec" name="TaskService.validate should 基本多言語面外の文字(絵文字)20文字なら成功する(UTF-16コード単位数ではなくコードポイント数で判定)" time="0.001">
                      
                    </testcase><testcase classname="com.bffgin.backendpekko.TaskServiceSpec" name="TaskService.validate should 基本多言語面外の文字(絵文字)21文字なら Validation を返す" time="0.0">
                      
                    </testcase><testcase classname="com.bffgin.backendpekko.TaskServiceSpec" name="TaskService.validate should finished_onが過去日なら Validation を返す" time="0.001">
                      
                    </testcase><testcase classname="com.bffgin.backendpekko.TaskServiceSpec" name="TaskService.validate should statusが不明な値なら Validation を返す" time="0.0">
                      
                    </testcase><testcase classname="com.bffgin.backendpekko.TaskServiceSpec" name="TaskService.validate should 全て妥当なら成功する" time="0.0">
                      
                    </testcase><testcase classname="com.bffgin.backendpekko.TaskServiceSpec" name="TaskService.validate should todayデフォルト引数はUTC基準である(実行環境のタイムゾーンに依存しない)" time="0.003">
                      
                    </testcase><testcase classname="com.bffgin.backendpekko.TaskServiceSpec" name="TaskService.resolveUserId should ローカル発行issuerかつsubがusersに存在すれば内部user_idを解決する" time="0.009">
                      
                    </testcase><testcase classname="com.bffgin.backendpekko.TaskServiceSpec" name="TaskService.resolveUserId should ローカル発行issuerでもsubに対応するuserが無ければUserNotProvisioned" time="0.003">
                      
                    </testcase><testcase classname="com.bffgin.backendpekko.TaskServiceSpec" name="TaskService.resolveUserId should ローカル発行issuerでもsubが数値でなければUserNotProvisioned" time="0.0">
                      
                    </testcase><testcase classname="com.bffgin.backendpekko.TaskServiceSpec" name="TaskService.resolveUserId should Keycloak発行issuerならkeycloak_subで検索する" time="0.002">
                      
                    </testcase><testcase classname="com.bffgin.backendpekko.TaskServiceSpec" name="TaskService.resolveUserId should Keycloak発行issuerでkeycloak_subが未登録ならUserNotProvisioned" time="0.001">
                      
                    </testcase><testcase classname="com.bffgin.backendpekko.TaskServiceSpec" name="TaskService.resolveUserId should 外部公開API用トークン(external-api-clientのサービスアカウント)は内部APIのuser解決に失敗する" time="0.001">
                      
                    </testcase><testcase classname="com.bffgin.backendpekko.TaskServiceSpec" name="TaskService CRUD should createはバリデーション成功時にNotFoundにならず生成される" time="0.006">
                      
                    </testcase><testcase classname="com.bffgin.backendpekko.TaskServiceSpec" name="TaskService CRUD should createはバリデーション失敗時にValidationを返す(DBへは到達しない)" time="0.0">
                      
                    </testcase><testcase classname="com.bffgin.backendpekko.TaskServiceSpec" name="TaskService CRUD should getは存在しないIDでNotFoundを返す" time="0.008">
                      
                    </testcase><testcase classname="com.bffgin.backendpekko.TaskServiceSpec" name="TaskService CRUD should updateは他人のtaskをNotFound扱いする(認可漏れ防止)" time="0.002">
                      
                    </testcase><testcase classname="com.bffgin.backendpekko.TaskServiceSpec" name="TaskService CRUD should deleteは存在しないIDでNotFoundを返す" time="0.0">
                      
                    </testcase><testcase classname="com.bffgin.backendpekko.TaskServiceSpec" name="TaskService CRUD should deleteは既に削除済みのIDへの2回目の呼び出しでもNotFoundを返す(冪等)" time="0.001">
                      
                    </testcase>
          <system-out><![CDATA[]]></system-out>
          <system-err><![CDATA[]]></system-err>
        </testsuite>