<?xml version='1.0' encoding='UTF-8'?>
<testsuite hostname="JN26-M0026" name="com.bffgin.backend.AppErrorMappingSuite" tests="13" errors="0" failures="0" skipped="0" time="0.011" timestamp="2026-09-12T16:24:34">
          <properties>
[...]
</properties>
          <testcase classname="com.bffgin.backend.AppErrorMappingSuite" name="NotFound -&gt; 404 not_found" time="0.006">
                      
                    </testcase><testcase classname="com.bffgin.backend.AppErrorMappingSuite" name="Validation -&gt; 422 validation_error(message付き)" time="0.001">
                      
                    </testcase><testcase classname="com.bffgin.backend.AppErrorMappingSuite" name="UserNotProvisioned -&gt; 403 user_not_provisioned" time="0.001">
                      
                    </testcase><testcase classname="com.bffgin.backend.AppErrorMappingSuite" name="Unauthorized -&gt; 401 unauthorized" time="0.0">
                      
                    </testcase><testcase classname="com.bffgin.backend.AppErrorMappingSuite" name="InvalidToken -&gt; 401 invalid_token" time="0.0">
                      
                    </testcase><testcase classname="com.bffgin.backend.AppErrorMappingSuite" name="InvalidRequest -&gt; 400 invalid_request" time="0.0">
                      
                    </testcase><testcase classname="com.bffgin.backend.AppErrorMappingSuite" name="InvalidStatus -&gt; 422 invalid_status" time="0.001">
                      
                    </testcase><testcase classname="com.bffgin.backend.AppErrorMappingSuite" name="InvalidFinishedOn -&gt; 422 invalid_finished_on" time="0.0">
                      
                    </testcase><testcase classname="com.bffgin.backend.AppErrorMappingSuite" name="未分類の例外 -&gt; 500 internal_server_error" time="0.0">
                      
                    </testcase><testcase classname="com.bffgin.backend.AppErrorMappingSuite" name="ClientNotAllowed -&gt; 403 client_not_allowed" time="0.001">
                      
                    </testcase><testcase classname="com.bffgin.backend.AppErrorMappingSuite" name="ExternalUserIDRequired -&gt; 400 &quot;user_id is required&quot;(Goと文字列完全一致)" time="0.0">
                      
                    </testcase><testcase classname="com.bffgin.backend.AppErrorMappingSuite" name="ExternalInvalidUserID -&gt; 400 &quot;invalid user_id&quot;(Goと文字列完全一致)" time="0.001">
                      
                    </testcase><testcase classname="com.bffgin.backend.AppErrorMappingSuite" name="ExternalInvalidCursor -&gt; 422" time="0.0">
                      
                    </testcase>
          <system-out><![CDATA[]]></system-out>
          <system-err><![CDATA[]]></system-err>
        </testsuite>