<?xml version='1.0' encoding='UTF-8'?>
<testsuite hostname="JN26-M0026" name="com.bffgin.backend.TaskRepoDeleteIdempotencyDbSuite" tests="1" errors="0" failures="0" skipped="1" time="0.007" timestamp="2026-09-12T16:24:34">
          <properties>
[...]
</properties>
          <testcase classname="com.bffgin.backend.TaskRepoDeleteIdempotencyDbSuite" name="2回目のDELETEはfalse(=NotFound相当)を返し、1回目とは異なる挙動になる(冪等性確認)" time="0.007">
                      <skipped/>
                    </testcase>
          <system-out><![CDATA[]]></system-out>
          <system-err><![CDATA[]]></system-err>
        </testsuite>